0 info it worked if it ends with ok
1 verbose cli [ '/usr/local/Cellar/node/6.8.1/bin/node',
1 verbose cli   '/usr/local/bin/npm',
1 verbose cli   'publish' ]
2 info using npm@3.10.8
3 info using node@v6.8.1
4 verbose publish [ '.' ]
5 silly cache add args [ '.', null ]
6 verbose cache add spec .
7 silly cache add parsed spec Result {
7 silly cache add   raw: '.',
7 silly cache add   scope: null,
7 silly cache add   escapedName: null,
7 silly cache add   name: null,
7 silly cache add   rawSpec: '.',
7 silly cache add   spec: '/Users/mspencer/repos/meetup-trn-extractor',
7 silly cache add   type: 'directory' }
8 verbose addLocalDirectory /Users/mspencer/.npm/meetup-trn-extractor/0.0.4/package.tgz not in flight; packing
9 verbose correctMkdir /Users/mspencer/.npm correctMkdir not in flight; initializing
10 info lifecycle meetup-trn-extractor@0.0.4~prepublish: meetup-trn-extractor@0.0.4
11 verbose lifecycle meetup-trn-extractor@0.0.4~prepublish: unsafe-perm in lifecycle true
12 verbose lifecycle meetup-trn-extractor@0.0.4~prepublish: PATH: /usr/local/lib/node_modules/npm/bin/node-gyp-bin:/Users/mspencer/repos/meetup-trn-extractor/node_modules/.bin:/usr/local/Cellar/node/6.8.1/bin:/usr/local/heroku/bin:/Users/mspencer/google-cloud-sdk/bin:/usr/local/heroku/bin:/Users/mspencer/npm-global/bin:/Users/mspencer/.rvm/gems/ruby-2.2.1/bin:/Users/mspencer/.rvm/gems/ruby-2.2.1@global/bin:/Users/mspencer/.rvm/rubies/ruby-2.2.1/bin:/usr/local/bin:/usr/bin:/bin:/usr/sbin:/sbin:/opt/X11/bin:/usr/local/git/bin:/usr/local/munki:/Users/mspencer/.rvm/bin:/Users/mspencer/bin:/Users/mspencer/.rvm/bin:/Users/mspencer/.rvm/bin
13 verbose lifecycle meetup-trn-extractor@0.0.4~prepublish: CWD: /Users/mspencer/repos/meetup-trn-extractor
14 silly lifecycle meetup-trn-extractor@0.0.4~prepublish: Args: [ '-c', 'rm -rf lib/* && weback && npm run build' ]
15 info lifecycle meetup-trn-extractor@0.0.4~prepublish: Failed to exec prepublish script
16 error addLocal Could not install /Users/mspencer/repos/meetup-trn-extractor
17 verbose stack Error: meetup-trn-extractor@0.0.4 prepublish: `rm -rf lib/* && weback && npm run build`
17 verbose stack spawn ENOENT
17 verbose stack     at ChildProcess.<anonymous> (/usr/local/lib/node_modules/npm/lib/utils/spawn.js:33:16)
17 verbose stack     at emitTwo (events.js:106:13)
17 verbose stack     at ChildProcess.emit (events.js:191:7)
17 verbose stack     at maybeClose (internal/child_process.js:877:16)
17 verbose stack     at Process.ChildProcess._handle.onexit (internal/child_process.js:226:5)
18 verbose pkgid meetup-trn-extractor@0.0.4
19 verbose cwd /Users/mspencer/repos/meetup-trn-extractor
20 error Darwin 16.0.0
21 error argv "/usr/local/Cellar/node/6.8.1/bin/node" "/usr/local/bin/npm" "publish"
22 error node v6.8.1
23 error npm  v3.10.8
24 error file sh
25 error code ELIFECYCLE
26 error errno ENOENT
27 error syscall spawn
28 error meetup-trn-extractor@0.0.4 prepublish: `rm -rf lib/* && weback && npm run build`
28 error spawn ENOENT
29 error Failed at the meetup-trn-extractor@0.0.4 prepublish script 'rm -rf lib/* && weback && npm run build'.
29 error Make sure you have the latest version of node.js and npm installed.
29 error If you do, this is most likely a problem with the meetup-trn-extractor package,
29 error not with npm itself.
29 error Tell the author that this fails on your system:
29 error     rm -rf lib/* && weback && npm run build
29 error You can get information on how to open an issue for this project with:
29 error     npm bugs meetup-trn-extractor
29 error Or if that isn't available, you can get their info via:
29 error     npm owner ls meetup-trn-extractor
29 error There is likely additional logging output above.
30 verbose exit [ 1, true ]
